  mainProyecto.cpp
C:\Users\1234\Documents\2º Grado\CoGa\SubwayArminoFinal\SubwayArmino\mainProyecto.cpp(30,23): warning C4305: 'inicializando': truncamiento de 'double' a 'float'
C:\Users\1234\Documents\2º Grado\CoGa\SubwayArminoFinal\SubwayArmino\mainProyecto.cpp(35,20): warning C4244: 'inicializando': conversión de 'double' a 'float'; posible pérdida de datos
C:\Users\1234\Documents\2º Grado\CoGa\SubwayArminoFinal\SubwayArmino\mainProyecto.cpp(68,25): warning C4305: 'inicializando': truncamiento de 'double' a 'float'
C:\Users\1234\Documents\2º Grado\CoGa\SubwayArminoFinal\SubwayArmino\mainProyecto.cpp(68,31): warning C4305: 'inicializando': truncamiento de 'double' a 'float'
C:\Users\1234\Documents\2º Grado\CoGa\SubwayArminoFinal\SubwayArmino\mainProyecto.cpp(72,18): warning C4305: 'inicializando': truncamiento de 'double' a 'float'
C:\Users\1234\Documents\2º Grado\CoGa\SubwayArminoFinal\SubwayArmino\mainProyecto.cpp(72,22): warning C4305: 'inicializando': truncamiento de 'double' a 'float'
C:\Users\1234\Documents\2º Grado\CoGa\SubwayArminoFinal\SubwayArmino\mainProyecto.cpp(72,26): warning C4305: 'inicializando': truncamiento de 'double' a 'float'
C:\Users\1234\Documents\2º Grado\CoGa\SubwayArminoFinal\SubwayArmino\mainProyecto.cpp(72,30): warning C4305: 'inicializando': truncamiento de 'double' a 'float'
C:\Users\1234\Documents\2º Grado\CoGa\SubwayArminoFinal\SubwayArmino\mainProyecto.cpp(72,34): warning C4305: 'inicializando': truncamiento de 'double' a 'float'
C:\Users\1234\Documents\2º Grado\CoGa\SubwayArminoFinal\SubwayArmino\mainProyecto.cpp(72,38): warning C4305: 'inicializando': truncamiento de 'double' a 'float'
C:\Users\1234\Documents\2º Grado\CoGa\SubwayArminoFinal\SubwayArmino\mainProyecto.cpp(256,24): warning C4244: '=': conversión de 'double' a 'float'; posible pérdida de datos
C:\Users\1234\Documents\2º Grado\CoGa\SubwayArminoFinal\SubwayArmino\mainProyecto.cpp(286,20): warning C4244: '=': conversión de 'double' a 'float'; posible pérdida de datos
C:\Users\1234\Documents\2º Grado\CoGa\SubwayArminoFinal\SubwayArmino\mainProyecto.cpp(287,20): warning C4244: '=': conversión de 'double' a 'float'; posible pérdida de datos
C:\Users\1234\Documents\2º Grado\CoGa\SubwayArminoFinal\SubwayArmino\mainProyecto.cpp(300,24): warning C4244: '+=': conversión de 'double' a 'float'; posible pérdida de datos
C:\Users\1234\Documents\2º Grado\CoGa\SubwayArminoFinal\SubwayArmino\mainProyecto.cpp(303,24): warning C4244: '-=': conversión de 'double' a 'float'; posible pérdida de datos
C:\Users\1234\Documents\2º Grado\CoGa\SubwayArminoFinal\SubwayArmino\mainProyecto.cpp(350,110): warning C4244: 'argumento': conversión de 'double' a 'GLfloat'; posible pérdida de datos
C:\Users\1234\Documents\2º Grado\CoGa\SubwayArminoFinal\SubwayArmino\mainProyecto.cpp(350,64): warning C4244: 'argumento': conversión de 'double' a 'GLfloat'; posible pérdida de datos
C:\Users\1234\Documents\2º Grado\CoGa\SubwayArminoFinal\SubwayArmino\mainProyecto.cpp(357,111): warning C4244: 'argumento': conversión de 'double' a 'GLfloat'; posible pérdida de datos
C:\Users\1234\Documents\2º Grado\CoGa\SubwayArminoFinal\SubwayArmino\mainProyecto.cpp(357,65): warning C4244: 'argumento': conversión de 'double' a 'GLfloat'; posible pérdida de datos
C:\Users\1234\Documents\2º Grado\CoGa\SubwayArminoFinal\SubwayArmino\mainProyecto.cpp(364,111): warning C4244: 'argumento': conversión de 'double' a 'GLfloat'; posible pérdida de datos
C:\Users\1234\Documents\2º Grado\CoGa\SubwayArminoFinal\SubwayArmino\mainProyecto.cpp(364,65): warning C4244: 'argumento': conversión de 'double' a 'GLfloat'; posible pérdida de datos
C:\Users\1234\Documents\2º Grado\CoGa\SubwayArminoFinal\SubwayArmino\mainProyecto.cpp(378,19): warning C4244: 'inicializando': conversión de 'double' a 'float'; posible pérdida de datos
C:\Users\1234\Documents\2º Grado\CoGa\SubwayArminoFinal\SubwayArmino\mainProyecto.cpp(524,51): warning C4244: 'argumento': conversión de 'int' a 'float'; posible pérdida de datos
C:\Users\1234\Documents\2º Grado\CoGa\SubwayArminoFinal\SubwayArmino\mainProyecto.cpp(583,19): warning C4244: 'inicializando': conversión de 'double' a 'float'; posible pérdida de datos
C:\Users\1234\Documents\2º Grado\CoGa\SubwayArminoFinal\SubwayArmino\mainProyecto.cpp(1174,12): warning C4244: 'argumento': conversión de 'time_t' a 'unsigned int'; posible pérdida de datos
C:\Users\1234\Documents\2º Grado\CoGa\SubwayArminoFinal\SubwayArmino\mainProyecto.cpp(1203,60): warning C4244: 'argumento': conversión de 'float' a 'GLint'; posible pérdida de datos
C:\Users\1234\Documents\2º Grado\CoGa\SubwayArminoFinal\SubwayArmino\mainProyecto.cpp(1266,13): warning C4305: '+=': truncamiento de 'double' a 'float'
C:\Users\1234\Documents\2º Grado\CoGa\SubwayArminoFinal\SubwayArmino\mainProyecto.cpp(1269,13): warning C4305: '-=': truncamiento de 'double' a 'float'
C:\Users\1234\Documents\2º Grado\CoGa\SubwayArminoFinal\SubwayArmino\mainProyecto.cpp(1272,11): warning C4305: '-=': truncamiento de 'double' a 'float'
C:\Users\1234\Documents\2º Grado\CoGa\SubwayArminoFinal\SubwayArmino\mainProyecto.cpp(1275,11): warning C4305: '+=': truncamiento de 'double' a 'float'
LINK : warning LNK4098: la biblioteca predeterminada'MSVCRT' entra en conflicto con otras bibliotecas; use la biblioteca /NODEFAULTLIB:biblioteca
  SubwayArmino.vcxproj -> C:\Users\1234\Documents\2º Grado\CoGa\SubwayArminoFinal\Debug\SubwayArmino.exe
